Using pre-set license

 COMMAND LINE ARGUMENTS:
/Applications/Unity/2020.3.7f1/Unity.app/Contents/MacOS/Unity
-adb2
-batchMode
-noUpm
-name
AssetImportWorker0
-projectPath
/Users/joelcamilofernandes/Desktop/Unity 2020/Social Distance Run
-logFile
Logs/AssetImportWorker0.log
-srvPort
61946
Successfully changed project path to: /Users/joelcamilofernandes/Desktop/Unity 2020/Social Distance Run
/Users/joelcamilofernandes/Desktop/Unity 2020/Social Distance Run
Using Asset Import Pipeline V2.
Refreshing native plugins compatible for Editor in 238.46 ms, found 1 plugins.
Preloading 0 native plugins for Editor in 0.00 ms.
Initialize engine version: 2020.3.7f1 (dd97f2c94397)
[Subsystems] Discovering subsystems at path /Applications/Unity/2020.3.7f1/Unity.app/Contents/Resources/UnitySubsystems
[Subsystems] Discovering subsystems at path /Users/joelcamilofernandes/Desktop/Unity 2020/Social Distance Run/Assets
GfxDevice: creating device client; threaded=0
2021-06-20 11:09:01.998 Unity[84461:920690] Color LCD preferred device: Intel(R) Iris(TM) Graphics 6000 (low power)
2021-06-20 11:09:01.998 Unity[84461:920690] Metal devices available: 1
2021-06-20 11:09:01.998 Unity[84461:920690] 0: Intel(R) Iris(TM) Graphics 6000 (low power)
2021-06-20 11:09:01.999 Unity[84461:920690] Using device Intel(R) Iris(TM) Graphics 6000 (low power)
Initializing Metal device caps: Intel(R) Iris(TM) Graphics 6000
Shader 'Universal Render Pipeline/Particles/Lit': fallback shader 'Universal Render Pipeline/Particles/SimpleLit' not found
Initialize mono
Mono path[0] = '/Applications/Unity/2020.3.7f1/Unity.app/Contents/Managed'
Mono path[1] = '/Applications/Unity/2020.3.7f1/Unity.app/Contents/MonoBleedingEdge/lib/mono/unityjit'
Mono config path = '/Applications/Unity/2020.3.7f1/Unity.app/Contents/MonoBleedingEdge/etc'
Using monoOptions --debugger-agent=transport=dt_socket,embedding=1,server=y,suspend=n,address=127.0.0.1:56461
Begin MonoManager ReloadAssembly
Registering precompiled unity dll's ...
Register platform support module: /Applications/Unity/2020.3.7f1/Unity.app/Contents/PlaybackEngines/MacStandaloneSupport/UnityEditor.OSXStandalone.Extensions.dll
Registered in 0.000798 seconds.
Native extension for OSXStandalone target not found
Refreshing native plugins compatible for Editor in 148.23 ms, found 1 plugins.
Preloading 0 native plugins for Editor in 0.00 ms.
Mono: successfully reloaded assembly
- Completed reload, in  5.634 seconds
Platform modules already initialized, skipping
Registering precompiled user dll's ...
Registered in 0.001796 seconds.
Begin MonoManager ReloadAssembly
Native extension for OSXStandalone target not found
Refreshing native plugins compatible for Editor in 196.55 ms, found 1 plugins.
Preloading 0 native plugins for Editor in 0.00 ms.
Mono: successfully reloaded assembly
- Completed reload, in  2.333 seconds
Platform modules already initialized, skipping
========================================================================
Worker process is ready to serve import requests
Shader 'Universal Render Pipeline/Particles/Lit': fallback shader 'Universal Render Pipeline/Particles/SimpleLit' not found
Launching external process: /Applications/Unity/2020.3.7f1/Unity.app/Contents/Tools/UnityShaderCompiler
Launched and connected shader compiler UnityShaderCompiler after 0.02 seconds
Refreshing native plugins compatible for Editor in 1.04 ms, found 1 plugins.
Preloading 0 native plugins for Editor in 0.00 ms.
Unloading 2495 Unused Serialized files (Serialized files now loaded: 0)
System memory in use before: 191.6 MB.
System memory in use after: 191.8 MB.

Unloading 10 unused Assets to reduce memory usage. Loaded Objects now: 2941.
Total: 3.957209 ms (FindLiveObjects: 0.392707 ms CreateObjectMapping: 0.177775 ms MarkObjects: 3.278872 ms  DeleteObjects: 0.105968 ms)

========================================================================
Received Import Request.
  path: Assets/TextMesh Pro
  artifactKey: Guid(f54d1bd14bd3ca042bd867b519fee8cc) Importer(815301076,1909f56bfc062723c751e8b465ee728b)
Start importing Assets/TextMesh Pro using Guid(f54d1bd14bd3ca042bd867b519fee8cc) Importer(815301076,1909f56bfc062723c751e8b465ee728b)  -> (artifact id: '6121cc340ed628e9d5ab341dee30f1db') in 0.012457 seconds
  Import took 0.024087 seconds .

========================================================================
Received Import Request.
  Time since last request: 0.000451 seconds.
  path: Assets/ForwardRenderer.asset
  artifactKey: Guid(35fb8f08ef771410d87d3dffeca5c151) Importer(815301076,1909f56bfc062723c751e8b465ee728b)
Start importing Assets/ForwardRenderer.asset using Guid(35fb8f08ef771410d87d3dffeca5c151) Importer(815301076,1909f56bfc062723c751e8b465ee728b)  -> (artifact id: '8b311315faa3fc2a72344d1c25589de8') in 1.963977 seconds
  Import took 1.972258 seconds .

========================================================================
Received Import Request.
  Time since last request: 0.000468 seconds.
  path: Assets/Prefabs/StartEndObj.prefab
  artifactKey: Guid(ac556bbf5bac64f03a45c4dbddb01e8d) Importer(815301076,1909f56bfc062723c751e8b465ee728b)
Start importing Assets/Prefabs/StartEndObj.prefab using Guid(ac556bbf5bac64f03a45c4dbddb01e8d) Importer(815301076,1909f56bfc062723c751e8b465ee728b)  -> (artifact id: '2913c4aa19b78e2f25955b92b844e76e') in 0.934873 seconds
  Import took 0.942149 seconds .

========================================================================
Received Import Request.
  Time since last request: 0.000376 seconds.
  path: Assets/Prefabs
  artifactKey: Guid(9fc20ef0903d34a318bdd918228e422e) Importer(815301076,1909f56bfc062723c751e8b465ee728b)
Start importing Assets/Prefabs using Guid(9fc20ef0903d34a318bdd918228e422e) Importer(815301076,1909f56bfc062723c751e8b465ee728b)  -> (artifact id: 'd044912a98a0551cc35f4f28f5121b44') in 0.002614 seconds
  Import took 0.012423 seconds .

