Using pre-set license

 COMMAND LINE ARGUMENTS:
/Applications/Unity/2020.3.7f1/Unity.app/Contents/MacOS/Unity
-adb2
-batchMode
-noUpm
-name
AssetImportWorker0
-projectPath
/Users/joelcamilofernandes/Desktop/Unity 2020/Social Distance Run
-logFile
Logs/AssetImportWorker0.log
-srvPort
62709
Successfully changed project path to: /Users/joelcamilofernandes/Desktop/Unity 2020/Social Distance Run
/Users/joelcamilofernandes/Desktop/Unity 2020/Social Distance Run
Using Asset Import Pipeline V2.
Refreshing native plugins compatible for Editor in 66.13 ms, found 1 plugins.
Preloading 0 native plugins for Editor in 0.00 ms.
Initialize engine version: 2020.3.7f1 (dd97f2c94397)
[Subsystems] Discovering subsystems at path /Applications/Unity/2020.3.7f1/Unity.app/Contents/Resources/UnitySubsystems
[Subsystems] Discovering subsystems at path /Users/joelcamilofernandes/Desktop/Unity 2020/Social Distance Run/Assets
GfxDevice: creating device client; threaded=0
2021-06-08 15:07:39.655 Unity[21803:587874] Color LCD preferred device: Intel(R) Iris(TM) Graphics 6000 (low power)
2021-06-08 15:07:39.655 Unity[21803:587874] Metal devices available: 1
2021-06-08 15:07:39.655 Unity[21803:587874] 0: Intel(R) Iris(TM) Graphics 6000 (low power)
2021-06-08 15:07:39.656 Unity[21803:587874] Using device Intel(R) Iris(TM) Graphics 6000 (low power)
Initializing Metal device caps: Intel(R) Iris(TM) Graphics 6000
Initialize mono
Mono path[0] = '/Applications/Unity/2020.3.7f1/Unity.app/Contents/Managed'
Mono path[1] = '/Applications/Unity/2020.3.7f1/Unity.app/Contents/MonoBleedingEdge/lib/mono/unityjit'
Mono config path = '/Applications/Unity/2020.3.7f1/Unity.app/Contents/MonoBleedingEdge/etc'
Using monoOptions --debugger-agent=transport=dt_socket,embedding=1,server=y,suspend=n,address=127.0.0.1:56803
Begin MonoManager ReloadAssembly
Registering precompiled unity dll's ...
Register platform support module: /Applications/Unity/2020.3.7f1/Unity.app/Contents/PlaybackEngines/MacStandaloneSupport/UnityEditor.OSXStandalone.Extensions.dll
Registered in 0.000826 seconds.
Native extension for OSXStandalone target not found
Refreshing native plugins compatible for Editor in 63.82 ms, found 1 plugins.
Preloading 0 native plugins for Editor in 0.00 ms.
Mono: successfully reloaded assembly
- Completed reload, in  3.649 seconds
Platform modules already initialized, skipping
Registering precompiled user dll's ...
Registered in 0.001107 seconds.
Begin MonoManager ReloadAssembly
Native extension for OSXStandalone target not found
Refreshing native plugins compatible for Editor in 62.36 ms, found 1 plugins.
Preloading 0 native plugins for Editor in 0.00 ms.
Mono: successfully reloaded assembly
- Completed reload, in  1.637 seconds
Platform modules already initialized, skipping
========================================================================
Worker process is ready to serve import requests
Shader 'Universal Render Pipeline/Particles/Lit': fallback shader 'Universal Render Pipeline/Particles/SimpleLit' not found
Shader 'Universal Render Pipeline/Particles/Lit': fallback shader 'Universal Render Pipeline/Particles/SimpleLit' not found
Launching external process: /Applications/Unity/2020.3.7f1/Unity.app/Contents/Tools/UnityShaderCompiler
Launched and connected shader compiler UnityShaderCompiler after 0.02 seconds
Refreshing native plugins compatible for Editor in 0.50 ms, found 1 plugins.
Preloading 0 native plugins for Editor in 0.00 ms.
Unloading 2408 Unused Serialized files (Serialized files now loaded: 0)
System memory in use before: 178.0 MB.
System memory in use after: 174.5 MB.

Unloading 59 unused Assets to reduce memory usage. Loaded Objects now: 2806.
Total: 7.877083 ms (FindLiveObjects: 0.363563 ms CreateObjectMapping: 0.278710 ms MarkObjects: 4.463312 ms  DeleteObjects: 2.767075 ms)

